=== LOGIN OUTPUT RECEIVED ===
1
1PAGE    1
 ***INPUT STATEMENT:
      SET CURRENT SQLID = 'USER03';
  RESULT OF SQL STATEMENT:
  DSNT400I SQLCODE = 000,  SUCCESSFUL EXECUTION
  DSNT418I SQLSTATE   = 00000 SQLSTATE RETURN CODE
  DSNT416I SQLERRD    = 0  0  0  -1  0  0 SQL DIAGNOSTIC INFORMATION
  DSNT416I SQLERRD    = X'00000000'  X'00000000'  X'00000000'  X'FFFFFFFF'  X'00000000'  X'00000000' SQL DIAGNOSTIC
           INFORMATION
 SET       SUCCESSFUL
1PAGE    1
 ***INPUT STATEMENT:
  SELECT USERNAME, BANK, STRENGTH, SECURITY, JOB, MESSAGE
  FROM USER03.USER03TB1
  WHERE USERNAME = 'fakeuser' AND USERPASS = 'fakepass';
0SUCCESSFUL RETRIEVAL OF          0 ROW(S)
1PAGE    1
 ***INPUT STATEMENT:
  COMMIT;
  RESULT OF SQL STATEMENT:
  DSNT400I SQLCODE = 000,  SUCCESSFUL EXECUTION
  DSNT418I SQLSTATE   = 00000 SQLSTATE RETURN CODE
  DSNT416I SQLERRD    = 0  0  0  -1  0  0 SQL DIAGNOSTIC INFORMATION
  DSNT416I SQLERRD    = X'00000000'  X'00000000'  X'00000000'  X'FFFFFFFF'  X'00000000'  X'00000000' SQL DIAGNOSTIC
           INFORMATION
 COMMIT    SUCCESSFUL
1READY
   DSN SYSTEM(HL2D)
 DSN
    RUN  PROGRAM(DSNTEP2) PLAN(DSNTEP2)
 DSN
   END
 READY
 END


=== LOGIN RESULT ===
FAILED - 0 ROW(S) found

=== LOGIN OUTPUT RECEIVED ===
1
1PAGE    1
 ***INPUT STATEMENT:
      SET CURRENT SQLID = 'USER03';
  RESULT OF SQL STATEMENT:
  DSNT400I SQLCODE = 000,  SUCCESSFUL EXECUTION
  DSNT418I SQLSTATE   = 00000 SQLSTATE RETURN CODE
  DSNT416I SQLERRD    = 0  0  0  -1  0  0 SQL DIAGNOSTIC INFORMATION
  DSNT416I SQLERRD    = X'00000000'  X'00000000'  X'00000000'  X'FFFFFFFF'  X'00000000'  X'00000000' SQL DIAGNOSTIC
           INFORMATION
 SET       SUCCESSFUL
1PAGE    1
 ***INPUT STATEMENT:
  SELECT USERNAME, BANK, STRENGTH, SECURITY, JOB, MESSAGE
  FROM USER03.USER03TB1
  WHERE USERNAME = 'perrypizza' AND USERPASS = 'ret';
0SUCCESSFUL RETRIEVAL OF          0 ROW(S)
1PAGE    1
 ***INPUT STATEMENT:
  COMMIT;
  RESULT OF SQL STATEMENT:
  DSNT400I SQLCODE = 000,  SUCCESSFUL EXECUTION
  DSNT418I SQLSTATE   = 00000 SQLSTATE RETURN CODE
  DSNT416I SQLERRD    = 0  0  0  -1  0  0 SQL DIAGNOSTIC INFORMATION
  DSNT416I SQLERRD    = X'00000000'  X'00000000'  X'00000000'  X'FFFFFFFF'  X'00000000'  X'00000000' SQL DIAGNOSTIC
           INFORMATION
 COMMIT    SUCCESSFUL
1READY
   DSN SYSTEM(HL2D)
 DSN
    RUN  PROGRAM(DSNTEP2) PLAN(DSNTEP2)
 DSN
   END
 READY
 END


=== LOGIN RESULT ===
FAILED - 0 ROW(S) found

=== LOGIN OUTPUT RECEIVED ===
1
1PAGE    1
 ***INPUT STATEMENT:
      SET CURRENT SQLID = 'USER03';
  RESULT OF SQL STATEMENT:
  DSNT400I SQLCODE = 000,  SUCCESSFUL EXECUTION
  DSNT418I SQLSTATE   = 00000 SQLSTATE RETURN CODE
  DSNT416I SQLERRD    = 0  0  0  -1  0  0 SQL DIAGNOSTIC INFORMATION
  DSNT416I SQLERRD    = X'00000000'  X'00000000'  X'00000000'  X'FFFFFFFF'  X'00000000'  X'00000000' SQL DIAGNOSTIC
           INFORMATION
 SET       SUCCESSFUL
1PAGE    1
 ***INPUT STATEMENT:
  SELECT USERNAME, BANK, STRENGTH, SECURITY, JOB, MESSAGE
  FROM USER03.USER03TB1
  WHERE USERNAME = 'TESTGUY' AND USERPASS = 'TEST1234';
                     +-----------------------------------------------------------------------------------------------+
                     | USERNAME |      BANK      |    STRENGTH    |    SECURITY    |      JOB       |    MESSAGE     |
                     +-----------------------------------------------------------------------------------------------+
                   1_| TESTGUY  |              0 |              1 |              1 |              3 |              0 |
                     +-----------------------------------------------------------------------------------------------+
0SUCCESSFUL RETRIEVAL OF          1 ROW(S)
1PAGE    1
 ***INPUT STATEMENT:
  COMMIT;
  RESULT OF SQL STATEMENT:
  DSNT400I SQLCODE = 000,  SUCCESSFUL EXECUTION
  DSNT418I SQLSTATE   = 00000 SQLSTATE RETURN CODE
  DSNT416I SQLERRD    = 0  0  0  -1  0  0 SQL DIAGNOSTIC INFORMATION
  DSNT416I SQLERRD    = X'00000000'  X'00000000'  X'00000000'  X'FFFFFFFF'  X'00000000'  X'00000000' SQL DIAGNOSTIC
           INFORMATION
 COMMIT    SUCCESSFUL
1READY
   DSN SYSTEM(HL2D)
 DSN
    RUN  PROGRAM(DSNTEP2) PLAN(DSNTEP2)
 DSN
   END
 READY
 END


=== LOGIN RESULT ===
SUCCESS - Found 1 row(s)

=== LOGIN OUTPUT RECEIVED ===
1
1PAGE    1
 ***INPUT STATEMENT:
      SET CURRENT SQLID = 'USER03';
  RESULT OF SQL STATEMENT:
  DSNT400I SQLCODE = 000,  SUCCESSFUL EXECUTION
  DSNT418I SQLSTATE   = 00000 SQLSTATE RETURN CODE
  DSNT416I SQLERRD    = 0  0  0  -1  0  0 SQL DIAGNOSTIC INFORMATION
  DSNT416I SQLERRD    = X'00000000'  X'00000000'  X'00000000'  X'FFFFFFFF'  X'00000000'  X'00000000' SQL DIAGNOSTIC
           INFORMATION
 SET       SUCCESSFUL
1PAGE    1
 ***INPUT STATEMENT:
  SELECT BANK, STRENGTH, SECURITY, JOB
  FROM USER03.USER03TB1
  WHERE USERNAME = 'TESTGUY';
                                   +-------------------------------------------------------------------+
                                   |      BANK      |    STRENGTH    |    SECURITY    |      JOB       |
                                   +-------------------------------------------------------------------+
                                 1_|              0 |              1 |              1 |              3 |
                                   +-------------------------------------------------------------------+
0SUCCESSFUL RETRIEVAL OF          1 ROW(S)
1PAGE    1
 ***INPUT STATEMENT:
  COMMIT;
  RESULT OF SQL STATEMENT:
  DSNT400I SQLCODE = 000,  SUCCESSFUL EXECUTION
  DSNT418I SQLSTATE   = 00000 SQLSTATE RETURN CODE
  DSNT416I SQLERRD    = 0  0  0  -1  0  0 SQL DIAGNOSTIC INFORMATION
  DSNT416I SQLERRD    = X'00000000'  X'00000000'  X'00000000'  X'FFFFFFFF'  X'00000000'  X'00000000' SQL DIAGNOSTIC
           INFORMATION
 COMMIT    SUCCESSFUL
1READY
   DSN SYSTEM(HL2D)
 DSN
    RUN  PROGRAM(DSNTEP2) PLAN(DSNTEP2)
 DSN
   END
 READY
 END


=== LOGIN RESULT ===
SUCCESS - Found 1 row(s)

=== UPDATE OUTPUT ===
1
1PAGE    1
 ***INPUT STATEMENT:
      SET CURRENT SQLID = 'USER03';
  RESULT OF SQL STATEMENT:
  DSNT400I SQLCODE = 000,  SUCCESSFUL EXECUTION
  DSNT418I SQLSTATE   = 00000 SQLSTATE RETURN CODE
  DSNT416I SQLERRD    = 0  0  0  -1  0  0 SQL DIAGNOSTIC INFORMATION
  DSNT416I SQLERRD    = X'00000000'  X'00000000'  X'00000000'  X'FFFFFFFF'  X'00000000'  X'00000000' SQL DIAGNOSTIC
           INFORMATION
 SET       SUCCESSFUL
1PAGE    1
 ***INPUT STATEMENT:
  UPDATE USER03.USER03TB1
  SET BANK = 0000000,
      STRENGTH = 001,
      SECURITY = 001,
      JOB = 002,
      MESSAGE = '0'
  WHERE USERNAME = 'TESTGUY';
  RESULT OF SQL STATEMENT:
  DSNT400I SQLCODE = 000,  SUCCESSFUL EXECUTION
  DSNT418I SQLSTATE   = 00000 SQLSTATE RETURN CODE
  DSNT416I SQLERRD    = 0  0  1  -1  0  0 SQL DIAGNOSTIC INFORMATION
  DSNT416I SQLERRD    = X'00000000'  X'00000000'  X'00000001'  X'FFFFFFFF'  X'00000000'  X'00000000' SQL DIAGNOSTIC
           INFORMATION
 SUCCESSFUL UPDATE    OF          1 ROW(S)
1PAGE    1
 ***INPUT STATEMENT:
  COMMIT;
  RESULT OF SQL STATEMENT:
  DSNT400I SQLCODE = 000,  SUCCESSFUL EXECUTION
  DSNT418I SQLSTATE   = 00000 SQLSTATE RETURN CODE
  DSNT416I SQLERRD    = 0  0  0  -1  0  0 SQL DIAGNOSTIC INFORMATION
  DSNT416I SQLERRD    = X'00000000'  X'00000000'  X'00000000'  X'FFFFFFFF'  X'00000000'  X'00000000' SQL DIAGNOSTIC
           INFORMATION
 COMMIT    SUCCESSFUL
1READY
   DSN SYSTEM(HL2D)
 DSN
    RUN  PROGRAM(DSNTEP2) PLAN(DSNTEP2)
 DSN
   END
 READY
 END


=== UPDATE RESULT ===
SUCCESS - SQLCODE 000

=== UPDATE OUTPUT ===
1
1PAGE    1
 ***INPUT STATEMENT:
      SET CURRENT SQLID = 'USER03';
  RESULT OF SQL STATEMENT:
  DSNT400I SQLCODE = 000,  SUCCESSFUL EXECUTION
  DSNT418I SQLSTATE   = 00000 SQLSTATE RETURN CODE
  DSNT416I SQLERRD    = 0  0  0  -1  0  0 SQL DIAGNOSTIC INFORMATION
  DSNT416I SQLERRD    = X'00000000'  X'00000000'  X'00000000'  X'FFFFFFFF'  X'00000000'  X'00000000' SQL DIAGNOSTIC
           INFORMATION
 SET       SUCCESSFUL
1PAGE    1
 ***INPUT STATEMENT:
  UPDATE USER03.USER03TB1
  SET BANK = BANK + 00099
  WHERE USERNAME = 'TESTGUY';
  RESULT OF SQL STATEMENT:
  DSNT400I SQLCODE = 000,  SUCCESSFUL EXECUTION
  DSNT418I SQLSTATE   = 00000 SQLSTATE RETURN CODE
  DSNT416I SQLERRD    = 0  0  1  -1  0  0 SQL DIAGNOSTIC INFORMATION
  DSNT416I SQLERRD    = X'00000000'  X'00000000'  X'00000001'  X'FFFFFFFF'  X'00000000'  X'00000000' SQL DIAGNOSTIC
           INFORMATION
 SUCCESSFUL UPDATE    OF          1 ROW(S)
1PAGE    1
 ***INPUT STATEMENT:
  COMMIT;
  RESULT OF SQL STATEMENT:
  DSNT400I SQLCODE = 000,  SUCCESSFUL EXECUTION
  DSNT418I SQLSTATE   = 00000 SQLSTATE RETURN CODE
  DSNT416I SQLERRD    = 0  0  0  -1  0  0 SQL DIAGNOSTIC INFORMATION
  DSNT416I SQLERRD    = X'00000000'  X'00000000'  X'00000000'  X'FFFFFFFF'  X'00000000'  X'00000000' SQL DIAGNOSTIC
           INFORMATION
 COMMIT    SUCCESSFUL
1READY
   DSN SYSTEM(HL2D)
 DSN
    RUN  PROGRAM(DSNTEP2) PLAN(DSNTEP2)
 DSN
   END
 READY
 END


=== UPDATE RESULT ===
SUCCESS - SQLCODE 000

=== HIGHSCORES OUTPUT ===
1
1PAGE    1
 ***INPUT STATEMENT:
      SET CURRENT SQLID = 'USER03';
  RESULT OF SQL STATEMENT:
  DSNT400I SQLCODE = 000,  SUCCESSFUL EXECUTION
  DSNT418I SQLSTATE   = 00000 SQLSTATE RETURN CODE
  DSNT416I SQLERRD    = 0  0  0  -1  0  0 SQL DIAGNOSTIC INFORMATION
  DSNT416I SQLERRD    = X'00000000'  X'00000000'  X'00000000'  X'FFFFFFFF'  X'00000000'  X'00000000' SQL DIAGNOSTIC
           INFORMATION
 SET       SUCCESSFUL
1PAGE    1
 ***INPUT STATEMENT:
  SELECT USERNAME, BANK FROM USER03.USER03TB1
  ORDER BY BANK DESC
  FETCH FIRST 10 ROWS ONLY;
                                                       +---------------------------+
                                                       | USERNAME |      BANK      |
                                                       +---------------------------+
                                                     1_| TESTGUY  |             99 |
                                                       +---------------------------+
0SUCCESSFUL RETRIEVAL OF          1 ROW(S)
1PAGE    1
 ***INPUT STATEMENT:
  COMMIT;
  RESULT OF SQL STATEMENT:
  DSNT400I SQLCODE = 000,  SUCCESSFUL EXECUTION
  DSNT418I SQLSTATE   = 00000 SQLSTATE RETURN CODE
  DSNT416I SQLERRD    = 0  0  0  -1  0  0 SQL DIAGNOSTIC INFORMATION
  DSNT416I SQLERRD    = X'00000000'  X'00000000'  X'00000000'  X'FFFFFFFF'  X'00000000'  X'00000000' SQL DIAGNOSTIC
           INFORMATION
 COMMIT    SUCCESSFUL
1READY
   DSN SYSTEM(HL2D)
 DSN
    RUN  PROGRAM(DSNTEP2) PLAN(DSNTEP2)
 DSN
   END
 READY
 END


=== HIGHSCORES RESULT ===
Found 0 scores

=== LOGIN OUTPUT RECEIVED ===
1
1PAGE    1
 ***INPUT STATEMENT:
      SET CURRENT SQLID = 'USER03';
  RESULT OF SQL STATEMENT:
  DSNT400I SQLCODE = 000,  SUCCESSFUL EXECUTION
  DSNT418I SQLSTATE   = 00000 SQLSTATE RETURN CODE
  DSNT416I SQLERRD    = 0  0  0  -1  0  0 SQL DIAGNOSTIC INFORMATION
  DSNT416I SQLERRD    = X'00000000'  X'00000000'  X'00000000'  X'FFFFFFFF'  X'00000000'  X'00000000' SQL DIAGNOSTIC
           INFORMATION
 SET       SUCCESSFUL
1PAGE    1
 ***INPUT STATEMENT:
  SELECT USERNAME, BANK, STRENGTH, SECURITY, JOB, MESSAGE
  FROM USER03.USER03TB1
  WHERE USERNAME = 'TESTGUY' AND USERPASS = 'apple';
0SUCCESSFUL RETRIEVAL OF          0 ROW(S)
1PAGE    1
 ***INPUT STATEMENT:
  COMMIT;
  RESULT OF SQL STATEMENT:
  DSNT400I SQLCODE = 000,  SUCCESSFUL EXECUTION
  DSNT418I SQLSTATE   = 00000 SQLSTATE RETURN CODE
  DSNT416I SQLERRD    = 0  0  0  -1  0  0 SQL DIAGNOSTIC INFORMATION
  DSNT416I SQLERRD    = X'00000000'  X'00000000'  X'00000000'  X'FFFFFFFF'  X'00000000'  X'00000000' SQL DIAGNOSTIC
           INFORMATION
 COMMIT    SUCCESSFUL
1READY
   DSN SYSTEM(HL2D)
 DSN
    RUN  PROGRAM(DSNTEP2) PLAN(DSNTEP2)
 DSN
   END
 READY
 END


=== LOGIN RESULT ===
FAILED - 0 ROW(S) found

=== LOGIN OUTPUT RECEIVED ===
1
1PAGE    1
 ***INPUT STATEMENT:
      SET CURRENT SQLID = 'USER03';
  RESULT OF SQL STATEMENT:
  DSNT400I SQLCODE = 000,  SUCCESSFUL EXECUTION
  DSNT418I SQLSTATE   = 00000 SQLSTATE RETURN CODE
  DSNT416I SQLERRD    = 0  0  0  -1  0  0 SQL DIAGNOSTIC INFORMATION
  DSNT416I SQLERRD    = X'00000000'  X'00000000'  X'00000000'  X'FFFFFFFF'  X'00000000'  X'00000000' SQL DIAGNOSTIC
           INFORMATION
 SET       SUCCESSFUL
1PAGE    1
 ***INPUT STATEMENT:
  SELECT USERNAME, BANK, STRENGTH, SECURITY, JOB, MESSAGE
  FROM USER03.USER03TB1
  WHERE USERNAME = 'TESTGUY' AND USERPASS = 'TEST1234';
                     +-----------------------------------------------------------------------------------------------+
                     | USERNAME |      BANK      |    STRENGTH    |    SECURITY    |      JOB       |    MESSAGE     |
                     +-----------------------------------------------------------------------------------------------+
                   1_| TESTGUY  |             99 |              1 |              1 |              2 |              0 |
                     +-----------------------------------------------------------------------------------------------+
0SUCCESSFUL RETRIEVAL OF          1 ROW(S)
1PAGE    1
 ***INPUT STATEMENT:
  COMMIT;
  RESULT OF SQL STATEMENT:
  DSNT400I SQLCODE = 000,  SUCCESSFUL EXECUTION
  DSNT418I SQLSTATE   = 00000 SQLSTATE RETURN CODE
  DSNT416I SQLERRD    = 0  0  0  -1  0  0 SQL DIAGNOSTIC INFORMATION
  DSNT416I SQLERRD    = X'00000000'  X'00000000'  X'00000000'  X'FFFFFFFF'  X'00000000'  X'00000000' SQL DIAGNOSTIC
           INFORMATION
 COMMIT    SUCCESSFUL
1READY
   DSN SYSTEM(HL2D)
 DSN
    RUN  PROGRAM(DSNTEP2) PLAN(DSNTEP2)
 DSN
   END
 READY
 END


=== LOGIN RESULT ===
SUCCESS - Found 1 row(s)

=== LOGIN OUTPUT RECEIVED ===
1
1PAGE    1
 ***INPUT STATEMENT:
      SET CURRENT SQLID = 'USER03';
  RESULT OF SQL STATEMENT:
  DSNT400I SQLCODE = 000,  SUCCESSFUL EXECUTION
  DSNT418I SQLSTATE   = 00000 SQLSTATE RETURN CODE
  DSNT416I SQLERRD    = 0  0  0  -1  0  0 SQL DIAGNOSTIC INFORMATION
  DSNT416I SQLERRD    = X'00000000'  X'00000000'  X'00000000'  X'FFFFFFFF'  X'00000000'  X'00000000' SQL DIAGNOSTIC
           INFORMATION
 SET       SUCCESSFUL
1PAGE    1
 ***INPUT STATEMENT:
  SELECT BANK, STRENGTH, SECURITY, JOB
  FROM USER03.USER03TB1
  WHERE USERNAME = 'TESTGUY';
                                   +-------------------------------------------------------------------+
                                   |      BANK      |    STRENGTH    |    SECURITY    |      JOB       |
                                   +-------------------------------------------------------------------+
                                 1_|             99 |              1 |              1 |              2 |
                                   +-------------------------------------------------------------------+
0SUCCESSFUL RETRIEVAL OF          1 ROW(S)
1PAGE    1
 ***INPUT STATEMENT:
  COMMIT;
  RESULT OF SQL STATEMENT:
  DSNT400I SQLCODE = 000,  SUCCESSFUL EXECUTION
  DSNT418I SQLSTATE   = 00000 SQLSTATE RETURN CODE
  DSNT416I SQLERRD    = 0  0  0  -1  0  0 SQL DIAGNOSTIC INFORMATION
  DSNT416I SQLERRD    = X'00000000'  X'00000000'  X'00000000'  X'FFFFFFFF'  X'00000000'  X'00000000' SQL DIAGNOSTIC
           INFORMATION
 COMMIT    SUCCESSFUL
1READY
   DSN SYSTEM(HL2D)
 DSN
    RUN  PROGRAM(DSNTEP2) PLAN(DSNTEP2)
 DSN
   END
 READY
 END


=== LOGIN RESULT ===
SUCCESS - Found 1 row(s)

=== LOGIN OUTPUT RECEIVED ===
1
1PAGE    1
 ***INPUT STATEMENT:
      SET CURRENT SQLID = 'USER03';
  RESULT OF SQL STATEMENT:
  DSNT400I SQLCODE = 000,  SUCCESSFUL EXECUTION
  DSNT418I SQLSTATE   = 00000 SQLSTATE RETURN CODE
  DSNT416I SQLERRD    = 0  0  0  -1  0  0 SQL DIAGNOSTIC INFORMATION
  DSNT416I SQLERRD    = X'00000000'  X'00000000'  X'00000000'  X'FFFFFFFF'  X'00000000'  X'00000000' SQL DIAGNOSTIC
           INFORMATION
 SET       SUCCESSFUL
1PAGE    1
 ***INPUT STATEMENT:
  SELECT BANK, STRENGTH, SECURITY, JOB
  FROM USER03.USER03TB1
  WHERE USERNAME = 'TESTGUY';
                                   +-------------------------------------------------------------------+
                                   |      BANK      |    STRENGTH    |    SECURITY    |      JOB       |
                                   +-------------------------------------------------------------------+
                                 1_|             99 |              1 |              1 |              2 |
                                   +-------------------------------------------------------------------+
0SUCCESSFUL RETRIEVAL OF          1 ROW(S)
1PAGE    1
 ***INPUT STATEMENT:
  COMMIT;
  RESULT OF SQL STATEMENT:
  DSNT400I SQLCODE = 000,  SUCCESSFUL EXECUTION
  DSNT418I SQLSTATE   = 00000 SQLSTATE RETURN CODE
  DSNT416I SQLERRD    = 0  0  0  -1  0  0 SQL DIAGNOSTIC INFORMATION
  DSNT416I SQLERRD    = X'00000000'  X'00000000'  X'00000000'  X'FFFFFFFF'  X'00000000'  X'00000000' SQL DIAGNOSTIC
           INFORMATION
 COMMIT    SUCCESSFUL
1READY
   DSN SYSTEM(HL2D)
 DSN
    RUN  PROGRAM(DSNTEP2) PLAN(DSNTEP2)
 DSN
   END
 READY
 END


=== LOGIN RESULT ===
SUCCESS - Found 1 row(s)

=== PARSING USER STATS ===
1
1PAGE    1
 ***INPUT STATEMENT:
      SET CURRENT SQLID = 'USER03';
  RESULT OF SQL STATEMENT:
  DSNT400I SQLCODE = 000,  SUCCESSFUL EXECUTION
  DSNT418I SQLSTATE   = 00000 SQLSTATE RETURN CODE
  DSNT416I SQLERRD    = 0  0  0  -1  0  0 SQL DIAGNOSTIC INFORMATION
  DSNT416I SQLERRD    = X'00000000'  X'00000000'  X'00000000'  X'FFFFFFFF'  X'00000000'  X'00000000' SQL DIAGNOSTIC
           INFORMATION
 SET       SUCCESSFUL
1PAGE    1
 ***INPUT STATEMENT:
  SELECT BANK, STRENGTH, SECURITY, JOB
  F

=== FOUND DATA ROW ===
Parts: ['                                 1_', '             99 ', '              1 ', '              1 ', '              2 ', '']

=== PARSED STATS ===
bank=99, hacking=1, security=1, job=2

=== LOGIN OUTPUT RECEIVED ===
1
1PAGE    1
 ***INPUT STATEMENT:
      SET CURRENT SQLID = 'USER03';
  RESULT OF SQL STATEMENT:
  DSNT400I SQLCODE = 000,  SUCCESSFUL EXECUTION
  DSNT418I SQLSTATE   = 00000 SQLSTATE RETURN CODE
  DSNT416I SQLERRD    = 0  0  0  -1  0  0 SQL DIAGNOSTIC INFORMATION
  DSNT416I SQLERRD    = X'00000000'  X'00000000'  X'00000000'  X'FFFFFFFF'  X'00000000'  X'00000000' SQL DIAGNOSTIC
           INFORMATION
 SET       SUCCESSFUL
1PAGE    1
 ***INPUT STATEMENT:
  SELECT USERNAME, BANK, STRENGTH, SECURITY, JOB, MESSAGE
  FROM USER03.USER03TB1
  WHERE USERNAME = 'TESTGUY' AND USERPASS = 'TEST1234';
                     +-----------------------------------------------------------------------------------------------+
                     | USERNAME |      BANK      |    STRENGTH    |    SECURITY    |      JOB       |    MESSAGE     |
                     +-----------------------------------------------------------------------------------------------+
                   1_| TESTGUY  |             99 |              1 |              1 |              2 |              0 |
                     +-----------------------------------------------------------------------------------------------+
0SUCCESSFUL RETRIEVAL OF          1 ROW(S)
1PAGE    1
 ***INPUT STATEMENT:
  COMMIT;
  RESULT OF SQL STATEMENT:
  DSNT400I SQLCODE = 000,  SUCCESSFUL EXECUTION
  DSNT418I SQLSTATE   = 00000 SQLSTATE RETURN CODE
  DSNT416I SQLERRD    = 0  0  0  -1  0  0 SQL DIAGNOSTIC INFORMATION
  DSNT416I SQLERRD    = X'00000000'  X'00000000'  X'00000000'  X'FFFFFFFF'  X'00000000'  X'00000000' SQL DIAGNOSTIC
           INFORMATION
 COMMIT    SUCCESSFUL
1READY
   DSN SYSTEM(HL2D)
 DSN
    RUN  PROGRAM(DSNTEP2) PLAN(DSNTEP2)
 DSN
   END
 READY
 END


=== LOGIN RESULT ===
SUCCESS - Found 1 row(s)

=== LOGIN OUTPUT RECEIVED ===
1
1PAGE    1
 ***INPUT STATEMENT:
      SET CURRENT SQLID = 'USER03';
  RESULT OF SQL STATEMENT:
  DSNT400I SQLCODE = 000,  SUCCESSFUL EXECUTION
  DSNT418I SQLSTATE   = 00000 SQLSTATE RETURN CODE
  DSNT416I SQLERRD    = 0  0  0  -1  0  0 SQL DIAGNOSTIC INFORMATION
  DSNT416I SQLERRD    = X'00000000'  X'00000000'  X'00000000'  X'FFFFFFFF'  X'00000000'  X'00000000' SQL DIAGNOSTIC
           INFORMATION
 SET       SUCCESSFUL
1PAGE    1
 ***INPUT STATEMENT:
  SELECT BANK, STRENGTH, SECURITY, JOB
  FROM USER03.USER03TB1
  WHERE USERNAME = 'TESTGUY';
                                   +-------------------------------------------------------------------+
                                   |      BANK      |    STRENGTH    |    SECURITY    |      JOB       |
                                   +-------------------------------------------------------------------+
                                 1_|             99 |              1 |              1 |              2 |
                                   +-------------------------------------------------------------------+
0SUCCESSFUL RETRIEVAL OF          1 ROW(S)
1PAGE    1
 ***INPUT STATEMENT:
  COMMIT;
  RESULT OF SQL STATEMENT:
  DSNT400I SQLCODE = 000,  SUCCESSFUL EXECUTION
  DSNT418I SQLSTATE   = 00000 SQLSTATE RETURN CODE
  DSNT416I SQLERRD    = 0  0  0  -1  0  0 SQL DIAGNOSTIC INFORMATION
  DSNT416I SQLERRD    = X'00000000'  X'00000000'  X'00000000'  X'FFFFFFFF'  X'00000000'  X'00000000' SQL DIAGNOSTIC
           INFORMATION
 COMMIT    SUCCESSFUL
1READY
   DSN SYSTEM(HL2D)
 DSN
    RUN  PROGRAM(DSNTEP2) PLAN(DSNTEP2)
 DSN
   END
 READY
 END


=== LOGIN RESULT ===
SUCCESS - Found 1 row(s)

=== PARSING USER STATS ===
1
1PAGE    1
 ***INPUT STATEMENT:
      SET CURRENT SQLID = 'USER03';
  RESULT OF SQL STATEMENT:
  DSNT400I SQLCODE = 000,  SUCCESSFUL EXECUTION
  DSNT418I SQLSTATE   = 00000 SQLSTATE RETURN CODE
  DSNT416I SQLERRD    = 0  0  0  -1  0  0 SQL DIAGNOSTIC INFORMATION
  DSNT416I SQLERRD    = X'00000000'  X'00000000'  X'00000000'  X'FFFFFFFF'  X'00000000'  X'00000000' SQL DIAGNOSTIC
           INFORMATION
 SET       SUCCESSFUL
1PAGE    1
 ***INPUT STATEMENT:
  SELECT BANK, STRENGTH, SECURITY, JOB
  F

=== FOUND DATA ROW ===
Parts: ['                                 1_', '             99 ', '              1 ', '              1 ', '              2 ', '']

=== PARSED STATS ===
bank=99, hacking=1, security=1, job=2

=== HIGHSCORES OUTPUT ===
1
1PAGE    1
 ***INPUT STATEMENT:
      SET CURRENT SQLID = 'USER03';
  RESULT OF SQL STATEMENT:
  DSNT400I SQLCODE = 000,  SUCCESSFUL EXECUTION
  DSNT418I SQLSTATE   = 00000 SQLSTATE RETURN CODE
  DSNT416I SQLERRD    = 0  0  0  -1  0  0 SQL DIAGNOSTIC INFORMATION
  DSNT416I SQLERRD    = X'00000000'  X'00000000'  X'00000000'  X'FFFFFFFF'  X'00000000'  X'00000000' SQL DIAGNOSTIC
           INFORMATION
 SET       SUCCESSFUL
1PAGE    1
 ***INPUT STATEMENT:
  SELECT USERNAME, BANK FROM USER03.USER03TB1
  ORDER BY BANK DESC
  FETCH FIRST 10 ROWS ONLY;
                                                       +---------------------------+
                                                       | USERNAME |      BANK      |
                                                       +---------------------------+
                                                     1_| TESTGUY  |             99 |
                                                       +---------------------------+
0SUCCESSFUL RETRIEVAL OF          1 ROW(S)
1PAGE    1
 ***INPUT STATEMENT:
  COMMIT;
  RESULT OF SQL STATEMENT:
  DSNT400I SQLCODE = 000,  SUCCESSFUL EXECUTION
  DSNT418I SQLSTATE   = 00000 SQLSTATE RETURN CODE
  DSNT416I SQLERRD    = 0  0  0  -1  0  0 SQL DIAGNOSTIC INFORMATION
  DSNT416I SQLERRD    = X'00000000'  X'00000000'  X'00000000'  X'FFFFFFFF'  X'00000000'  X'00000000' SQL DIAGNOSTIC
           INFORMATION
 COMMIT    SUCCESSFUL
1READY
   DSN SYSTEM(HL2D)
 DSN
    RUN  PROGRAM(DSNTEP2) PLAN(DSNTEP2)
 DSN
   END
 READY
 END


=== HIGHSCORES RESULT ===
Found 1 scores: [('TESTGUY', 99)]

=== LOGIN OUTPUT RECEIVED ===
1
1PAGE    1
 ***INPUT STATEMENT:
      SET CURRENT SQLID = 'USER03';
  RESULT OF SQL STATEMENT:
  DSNT400I SQLCODE = 000,  SUCCESSFUL EXECUTION
  DSNT418I SQLSTATE   = 00000 SQLSTATE RETURN CODE
  DSNT416I SQLERRD    = 0  0  0  -1  0  0 SQL DIAGNOSTIC INFORMATION
  DSNT416I SQLERRD    = X'00000000'  X'00000000'  X'00000000'  X'FFFFFFFF'  X'00000000'  X'00000000' SQL DIAGNOSTIC
           INFORMATION
 SET       SUCCESSFUL
1PAGE    1
 ***INPUT STATEMENT:
  SELECT USERNAME, BANK, STRENGTH, SECURITY, JOB, MESSAGE
  FROM USER03.USER03TB1
  WHERE USERNAME = 'TESTGUY' AND USERPASS = 'TEST1234';
                     +-----------------------------------------------------------------------------------------------+
                     | USERNAME |      BANK      |    STRENGTH    |    SECURITY    |      JOB       |    MESSAGE     |
                     +-----------------------------------------------------------------------------------------------+
                   1_| TESTGUY  |             99 |              1 |              1 |              2 |              0 |
                     +-----------------------------------------------------------------------------------------------+
0SUCCESSFUL RETRIEVAL OF          1 ROW(S)
1PAGE    1
 ***INPUT STATEMENT:
  COMMIT;
  RESULT OF SQL STATEMENT:
  DSNT400I SQLCODE = 000,  SUCCESSFUL EXECUTION
  DSNT418I SQLSTATE   = 00000 SQLSTATE RETURN CODE
  DSNT416I SQLERRD    = 0  0  0  -1  0  0 SQL DIAGNOSTIC INFORMATION
  DSNT416I SQLERRD    = X'00000000'  X'00000000'  X'00000000'  X'FFFFFFFF'  X'00000000'  X'00000000' SQL DIAGNOSTIC
           INFORMATION
 COMMIT    SUCCESSFUL
1READY
   DSN SYSTEM(HL2D)
 DSN
    RUN  PROGRAM(DSNTEP2) PLAN(DSNTEP2)
 DSN
   END
 READY
 END


=== LOGIN RESULT ===
SUCCESS - Found 1 row(s)

=== LOGIN OUTPUT RECEIVED ===
1
1PAGE    1
 ***INPUT STATEMENT:
      SET CURRENT SQLID = 'USER03';
  RESULT OF SQL STATEMENT:
  DSNT400I SQLCODE = 000,  SUCCESSFUL EXECUTION
  DSNT418I SQLSTATE   = 00000 SQLSTATE RETURN CODE
  DSNT416I SQLERRD    = 0  0  0  -1  0  0 SQL DIAGNOSTIC INFORMATION
  DSNT416I SQLERRD    = X'00000000'  X'00000000'  X'00000000'  X'FFFFFFFF'  X'00000000'  X'00000000' SQL DIAGNOSTIC
           INFORMATION
 SET       SUCCESSFUL
1PAGE    1
 ***INPUT STATEMENT:
  SELECT BANK, STRENGTH, SECURITY, JOB
  FROM USER03.USER03TB1
  WHERE USERNAME = 'TESTGUY';
                                   +-------------------------------------------------------------------+
                                   |      BANK      |    STRENGTH    |    SECURITY    |      JOB       |
                                   +-------------------------------------------------------------------+
                                 1_|             99 |              1 |              1 |              2 |
                                   +-------------------------------------------------------------------+
0SUCCESSFUL RETRIEVAL OF          1 ROW(S)
1PAGE    1
 ***INPUT STATEMENT:
  COMMIT;
  RESULT OF SQL STATEMENT:
  DSNT400I SQLCODE = 000,  SUCCESSFUL EXECUTION
  DSNT418I SQLSTATE   = 00000 SQLSTATE RETURN CODE
  DSNT416I SQLERRD    = 0  0  0  -1  0  0 SQL DIAGNOSTIC INFORMATION
  DSNT416I SQLERRD    = X'00000000'  X'00000000'  X'00000000'  X'FFFFFFFF'  X'00000000'  X'00000000' SQL DIAGNOSTIC
           INFORMATION
 COMMIT    SUCCESSFUL
1READY
   DSN SYSTEM(HL2D)
 DSN
    RUN  PROGRAM(DSNTEP2) PLAN(DSNTEP2)
 DSN
   END
 READY
 END


=== LOGIN RESULT ===
SUCCESS - Found 1 row(s)

=== PARSING USER STATS ===
1
1PAGE    1
 ***INPUT STATEMENT:
      SET CURRENT SQLID = 'USER03';
  RESULT OF SQL STATEMENT:
  DSNT400I SQLCODE = 000,  SUCCESSFUL EXECUTION
  DSNT418I SQLSTATE   = 00000 SQLSTATE RETURN CODE
  DSNT416I SQLERRD    = 0  0  0  -1  0  0 SQL DIAGNOSTIC INFORMATION
  DSNT416I SQLERRD    = X'00000000'  X'00000000'  X'00000000'  X'FFFFFFFF'  X'00000000'  X'00000000' SQL DIAGNOSTIC
           INFORMATION
 SET       SUCCESSFUL
1PAGE    1
 ***INPUT STATEMENT:
  SELECT BANK, STRENGTH, SECURITY, JOB
  F

=== FOUND DATA ROW ===
Parts: ['                                 1_', '             99 ', '              1 ', '              1 ', '              2 ', '']

=== PARSED STATS ===
bank=99, hacking=1, security=1, job=2

=== HIGHSCORES OUTPUT ===
1
1PAGE    1
 ***INPUT STATEMENT:
      SET CURRENT SQLID = 'USER03';
  RESULT OF SQL STATEMENT:
  DSNT400I SQLCODE = 000,  SUCCESSFUL EXECUTION
  DSNT418I SQLSTATE   = 00000 SQLSTATE RETURN CODE
  DSNT416I SQLERRD    = 0  0  0  -1  0  0 SQL DIAGNOSTIC INFORMATION
  DSNT416I SQLERRD    = X'00000000'  X'00000000'  X'00000000'  X'FFFFFFFF'  X'00000000'  X'00000000' SQL DIAGNOSTIC
           INFORMATION
 SET       SUCCESSFUL
1PAGE    1
 ***INPUT STATEMENT:
  SELECT USERNAME, BANK FROM USER03.USER03TB1
  ORDER BY BANK DESC
  FETCH FIRST 10 ROWS ONLY;
                                                       +---------------------------+
                                                       | USERNAME |      BANK      |
                                                       +---------------------------+
                                                     1_| TESTGUY  |             99 |
                                                       +---------------------------+
0SUCCESSFUL RETRIEVAL OF          1 ROW(S)
1PAGE    1
 ***INPUT STATEMENT:
  COMMIT;
  RESULT OF SQL STATEMENT:
  DSNT400I SQLCODE = 000,  SUCCESSFUL EXECUTION
  DSNT418I SQLSTATE   = 00000 SQLSTATE RETURN CODE
  DSNT416I SQLERRD    = 0  0  0  -1  0  0 SQL DIAGNOSTIC INFORMATION
  DSNT416I SQLERRD    = X'00000000'  X'00000000'  X'00000000'  X'FFFFFFFF'  X'00000000'  X'00000000' SQL DIAGNOSTIC
           INFORMATION
 COMMIT    SUCCESSFUL
1READY
   DSN SYSTEM(HL2D)
 DSN
    RUN  PROGRAM(DSNTEP2) PLAN(DSNTEP2)
 DSN
   END
 READY
 END


=== HIGHSCORES RESULT ===
Found 1 scores: [('TESTGUY', 99)]

=== HIGHSCORES OUTPUT ===
1
1PAGE    1
 ***INPUT STATEMENT:
      SET CURRENT SQLID = 'USER03';
  RESULT OF SQL STATEMENT:
  DSNT400I SQLCODE = 000,  SUCCESSFUL EXECUTION
  DSNT418I SQLSTATE   = 00000 SQLSTATE RETURN CODE
  DSNT416I SQLERRD    = 0  0  0  -1  0  0 SQL DIAGNOSTIC INFORMATION
  DSNT416I SQLERRD    = X'00000000'  X'00000000'  X'00000000'  X'FFFFFFFF'  X'00000000'  X'00000000' SQL DIAGNOSTIC
           INFORMATION
 SET       SUCCESSFUL
1PAGE    1
 ***INPUT STATEMENT:
  SELECT USERNAME, BANK FROM USER03.USER03TB1
  ORDER BY BANK DESC
  FETCH FIRST 10 ROWS ONLY;
                                                       +---------------------------+
                                                       | USERNAME |      BANK      |
                                                       +---------------------------+
                                                     1_| TESTGUY  |             99 |
                                                       +---------------------------+
0SUCCESSFUL RETRIEVAL OF          1 ROW(S)
1PAGE    1
 ***INPUT STATEMENT:
  COMMIT;
  RESULT OF SQL STATEMENT:
  DSNT400I SQLCODE = 000,  SUCCESSFUL EXECUTION
  DSNT418I SQLSTATE   = 00000 SQLSTATE RETURN CODE
  DSNT416I SQLERRD    = 0  0  0  -1  0  0 SQL DIAGNOSTIC INFORMATION
  DSNT416I SQLERRD    = X'00000000'  X'00000000'  X'00000000'  X'FFFFFFFF'  X'00000000'  X'00000000' SQL DIAGNOSTIC
           INFORMATION
 COMMIT    SUCCESSFUL
1READY
   DSN SYSTEM(HL2D)
 DSN
    RUN  PROGRAM(DSNTEP2) PLAN(DSNTEP2)
 DSN
   END
 READY
 END


=== HIGHSCORES RESULT ===
Found 1 scores: [('TESTGUY', 99)]

